Build started 2020/1/6 21:59:43.
     1>Project "C:\Users\wufen\OneDrive\Documents\Visual Studio 2013\Projects\Graph\Graph\Graph.vcxproj" on node 2 (Build target(s)).
     1>ClCompile:
         C:\Program Files (x86)\Microsoft Visual Studio 12.0\VC\bin\CL.exe /c /ZI /nologo /W3 /WX- /sdl /Od /Oy- /D WIN32 /D _DEBUG /D _CONSOLE /D _LIB /D _UNICODE /D UNICODE /Gm /EHsc /RTC1 /MDd /GS /fp:precise /Zc:wchar_t /Zc:forScope /Yu"stdafx.h" /Fp"Debug\Graph.pch" /Fo"Debug\\" /Fd"Debug\vc120.pdb" /Gd /TP /analyze- /errorReport:prompt Graph.cpp
         Graph.cpp
     1>c:\users\wufen\onedrive\documents\visual studio 2013\projects\graph\graph\graph.cpp(11): warning C4018: '<' : signed/unsigned mismatch
     1>c:\users\wufen\onedrive\documents\visual studio 2013\projects\graph\graph\graph.cpp(14): warning C4018: '<' : signed/unsigned mismatch
     1>c:\users\wufen\onedrive\documents\visual studio 2013\projects\graph\graph\graph.cpp(16): warning C4018: '<' : signed/unsigned mismatch
     1>c:\users\wufen\onedrive\documents\visual studio 2013\projects\graph\graph\graph.cpp(45): warning C4018: '<' : signed/unsigned mismatch
     1>c:\users\wufen\onedrive\documents\visual studio 2013\projects\graph\graph\graph.cpp(72): warning C4018: '<' : signed/unsigned mismatch
     1>c:\users\wufen\onedrive\documents\visual studio 2013\projects\graph\graph\graph.cpp(90): warning C4018: '<' : signed/unsigned mismatch
     1>c:\users\wufen\onedrive\documents\visual studio 2013\projects\graph\graph\graph.cpp(104): warning C4018: '<' : signed/unsigned mismatch
     1>c:\users\wufen\onedrive\documents\visual studio 2013\projects\graph\graph\graph.cpp(111): warning C4018: '<' : signed/unsigned mismatch
     1>c:\users\wufen\onedrive\documents\visual studio 2013\projects\graph\graph\graph.cpp(168): warning C4018: '<' : signed/unsigned mismatch
     1>c:\users\wufen\onedrive\documents\visual studio 2013\projects\graph\graph\graph.cpp(171): warning C4018: '<' : signed/unsigned mismatch
     1>c:\users\wufen\onedrive\documents\visual studio 2013\projects\graph\graph\graph.cpp(201): warning C4018: '<' : signed/unsigned mismatch
     1>c:\users\wufen\onedrive\documents\visual studio 2013\projects\graph\graph\graph.cpp(243): warning C4018: '<' : signed/unsigned mismatch
     1>c:\users\wufen\onedrive\documents\visual studio 2013\projects\graph\graph\graph.cpp(246): warning C4018: '<' : signed/unsigned mismatch
     1>c:\users\wufen\onedrive\documents\visual studio 2013\projects\graph\graph\graph.cpp(274): warning C4018: '<' : signed/unsigned mismatch
     1>c:\users\wufen\onedrive\documents\visual studio 2013\projects\graph\graph\graph.cpp(282): warning C4018: '<' : signed/unsigned mismatch
     1>c:\users\wufen\onedrive\documents\visual studio 2013\projects\graph\graph\graph.cpp(374): warning C4018: '<' : signed/unsigned mismatch
     1>c:\users\wufen\onedrive\documents\visual studio 2013\projects\graph\graph\graph.cpp(397): warning C4018: '<' : signed/unsigned mismatch
     1>c:\users\wufen\onedrive\documents\visual studio 2013\projects\graph\graph\graph.cpp(414): warning C4018: '<' : signed/unsigned mismatch
     1>c:\users\wufen\onedrive\documents\visual studio 2013\projects\graph\graph\graph.cpp(416): warning C4018: '<' : signed/unsigned mismatch
     1>c:\users\wufen\onedrive\documents\visual studio 2013\projects\graph\graph\graph.cpp(433): warning C4018: '<' : signed/unsigned mismatch
     1>c:\users\wufen\onedrive\documents\visual studio 2013\projects\graph\graph\graph.cpp(439): warning C4018: '<' : signed/unsigned mismatch
     1>c:\users\wufen\onedrive\documents\visual studio 2013\projects\graph\graph\graph.cpp(449): warning C4018: '<' : signed/unsigned mismatch
     1>c:\users\wufen\onedrive\documents\visual studio 2013\projects\graph\graph\graph.cpp(451): warning C4018: '<' : signed/unsigned mismatch
     1>c:\users\wufen\onedrive\documents\visual studio 2013\projects\graph\graph\graph.cpp(471): warning C4018: '<' : signed/unsigned mismatch
     1>c:\users\wufen\onedrive\documents\visual studio 2013\projects\graph\graph\graph.cpp(479): warning C4018: '<' : signed/unsigned mismatch
     1>c:\users\wufen\onedrive\documents\visual studio 2013\projects\graph\graph\graph.cpp(492): warning C4018: '<' : signed/unsigned mismatch
     1>c:\users\wufen\onedrive\documents\visual studio 2013\projects\graph\graph\graph.cpp(513): warning C4018: '<' : signed/unsigned mismatch
     1>c:\users\wufen\onedrive\documents\visual studio 2013\projects\graph\graph\graph.cpp(541): warning C4018: '<' : signed/unsigned mismatch
     1>c:\users\wufen\onedrive\documents\visual studio 2013\projects\graph\graph\graph.cpp(543): warning C4018: '<' : signed/unsigned mismatch
       Link:
         C:\Program Files (x86)\Microsoft Visual Studio 12.0\VC\bin\link.exe /ERRORREPORT:PROMPT /OUT:"C:\Users\wufen\OneDrive\Documents\Visual Studio 2013\Projects\Graph\Debug\Graph.exe" /INCREMENTAL /NOLOGO kernel32.lib user32.lib gdi32.lib winspool.lib comdlg32.lib advapi32.lib shell32.lib ole32.lib oleaut32.lib uuid.lib odbc32.lib odbccp32.lib /MANIFEST /MANIFESTUAC:"level='asInvoker' uiAccess='false'" /manifest:embed /DEBUG /PDB:"C:\Users\wufen\OneDrive\Documents\Visual Studio 2013\Projects\Graph\Debug\Graph.pdb" /SUBSYSTEM:CONSOLE /TLBID:1 /DYNAMICBASE /NXCOMPAT /IMPLIB:"C:\Users\wufen\OneDrive\Documents\Visual Studio 2013\Projects\Graph\Debug\Graph.lib" /MACHINE:X86 Debug\Graph.obj
         Debug\stdafx.obj
         Graph.vcxproj -> C:\Users\wufen\OneDrive\Documents\Visual Studio 2013\Projects\Graph\Debug\Graph.exe
     1>Done Building Project "C:\Users\wufen\OneDrive\Documents\Visual Studio 2013\Projects\Graph\Graph\Graph.vcxproj" (Build target(s)).

Build succeeded.

Time Elapsed 00:00:02.23
