Build started 2019/12/22 21:42:38.
     1>Project "C:\Users\wufen\OneDrive\Documents\Visual Studio 2013\Projects\Trie\Trie\Trie.vcxproj" on node 2 (Build target(s)).
     1>ClCompile:
         C:\Program Files (x86)\Microsoft Visual Studio 12.0\VC\bin\CL.exe /c /ZI /nologo /W3 /WX- /sdl /Od /Oy- /D WIN32 /D _DEBUG /D _CONSOLE /D _LIB /D _UNICODE /D UNICODE /Gm /EHsc /RTC1 /MDd /GS /fp:precise /Zc:wchar_t /Zc:forScope /Yu"stdafx.h" /Fp"Debug\Trie.pch" /Fo"Debug\\" /Fd"Debug\vc120.pdb" /Gd /TP /analyze- /errorReport:prompt Trie.cpp
         Trie.cpp
     1>c:\users\wufen\onedrive\documents\visual studio 2013\projects\trie\trie\trie.h(22): warning C4018: '<' : signed/unsigned mismatch
     1>c:\users\wufen\onedrive\documents\visual studio 2013\projects\trie\trie\trie.h(36): warning C4018: '<' : signed/unsigned mismatch
     1>c:\users\wufen\onedrive\documents\visual studio 2013\projects\trie\trie\trie.h(49): warning C4018: '<' : signed/unsigned mismatch
     1>c:\users\wufen\onedrive\documents\visual studio 2013\projects\trie\trie\trie.h(79): warning C4018: '<' : signed/unsigned mismatch
     1>c:\users\wufen\onedrive\documents\visual studio 2013\projects\trie\trie\trie.h(102): warning C4018: '<' : signed/unsigned mismatch
     1>c:\users\wufen\onedrive\documents\visual studio 2013\projects\trie\trie\trie.h(127): warning C4018: '<' : signed/unsigned mismatch
     1>c:\users\wufen\onedrive\documents\visual studio 2013\projects\trie\trie\trie.h(135): warning C4018: '<' : signed/unsigned mismatch
     1>c:\users\wufen\onedrive\documents\visual studio 2013\projects\trie\trie\trie.h(143): warning C4018: '<' : signed/unsigned mismatch
     1>c:\users\wufen\onedrive\documents\visual studio 2013\projects\trie\trie\trie.h(153): warning C4018: '<' : signed/unsigned mismatch
     1>c:\users\wufen\onedrive\documents\visual studio 2013\projects\trie\trie\trie.h(161): warning C4018: '<' : signed/unsigned mismatch
     1>c:\users\wufen\onedrive\documents\visual studio 2013\projects\trie\trie\trie.h(168): warning C4018: '<' : signed/unsigned mismatch
     1>c:\users\wufen\onedrive\documents\visual studio 2013\projects\trie\trie\trie.h(180): warning C4018: '>' : signed/unsigned mismatch
     1>c:\users\wufen\onedrive\documents\visual studio 2013\projects\trie\trie\trie.cpp(14): warning C4018: '<' : signed/unsigned mismatch
     1>c:\users\wufen\onedrive\documents\visual studio 2013\projects\trie\trie\trie.cpp(19): warning C4018: '<=' : signed/unsigned mismatch
       Link:
         C:\Program Files (x86)\Microsoft Visual Studio 12.0\VC\bin\link.exe /ERRORREPORT:PROMPT /OUT:"C:\Users\wufen\OneDrive\Documents\Visual Studio 2013\Projects\Trie\Debug\Trie.exe" /INCREMENTAL /NOLOGO kernel32.lib user32.lib gdi32.lib winspool.lib comdlg32.lib advapi32.lib shell32.lib ole32.lib oleaut32.lib uuid.lib odbc32.lib odbccp32.lib /MANIFEST /MANIFESTUAC:"level='asInvoker' uiAccess='false'" /manifest:embed /DEBUG /PDB:"C:\Users\wufen\OneDrive\Documents\Visual Studio 2013\Projects\Trie\Debug\Trie.pdb" /SUBSYSTEM:CONSOLE /TLBID:1 /DYNAMICBASE /NXCOMPAT /IMPLIB:"C:\Users\wufen\OneDrive\Documents\Visual Studio 2013\Projects\Trie\Debug\Trie.lib" /MACHINE:X86 Debug\stdafx.obj
         Debug\Trie.obj
         Trie.vcxproj -> C:\Users\wufen\OneDrive\Documents\Visual Studio 2013\Projects\Trie\Debug\Trie.exe
     1>Done Building Project "C:\Users\wufen\OneDrive\Documents\Visual Studio 2013\Projects\Trie\Trie\Trie.vcxproj" (Build target(s)).

Build succeeded.

Time Elapsed 00:00:01.00
