Build started 2019/11/14 18:45:49.
     1>Project "C:\Users\wufen\OneDrive\Documents\Visual Studio 2013\Projects\Array\Array\Array.vcxproj" on node 2 (Build target(s)).
     1>ClCompile:
         C:\Program Files (x86)\Microsoft Visual Studio 12.0\VC\bin\CL.exe /c /ZI /nologo /W3 /WX- /sdl /Od /Oy- /D WIN32 /D _DEBUG /D _CONSOLE /D _LIB /D _UNICODE /D UNICODE /Gm /EHsc /RTC1 /MDd /GS /fp:precise /Zc:wchar_t /Zc:forScope /Yu"stdafx.h" /Fp"Debug\Array.pch" /Fo"Debug\\" /Fd"Debug\vc120.pdb" /Gd /TP /analyze- /errorReport:prompt Array.cpp
         Array.cpp
     1>c:\users\wufen\onedrive\documents\visual studio 2013\projects\array\array\array.cpp(32): warning C4018: '<' : signed/unsigned mismatch
     1>c:\users\wufen\onedrive\documents\visual studio 2013\projects\array\array\array.cpp(43): warning C4018: '<' : signed/unsigned mismatch
     1>c:\users\wufen\onedrive\documents\visual studio 2013\projects\array\array\array.cpp(70): warning C4018: '<' : signed/unsigned mismatch
     1>c:\users\wufen\onedrive\documents\visual studio 2013\projects\array\array\array.cpp(85): warning C4018: '<' : signed/unsigned mismatch
     1>c:\users\wufen\onedrive\documents\visual studio 2013\projects\array\array\array.cpp(128): warning C4018: '<' : signed/unsigned mismatch
     1>c:\users\wufen\onedrive\documents\visual studio 2013\projects\array\array\array.cpp(134): warning C4018: '<' : signed/unsigned mismatch
     1>c:\users\wufen\onedrive\documents\visual studio 2013\projects\array\array\array.cpp(138): warning C4805: '&=' : unsafe mix of type 'bool' and type 'int' in operation
     1>c:\users\wufen\onedrive\documents\visual studio 2013\projects\array\array\array.cpp(138): warning C4805: '&' : unsafe mix of type 'bool' and type 'int' in operation
     1>c:\users\wufen\onedrive\documents\visual studio 2013\projects\array\array\array.cpp(138): warning C4800: 'int' : forcing value to bool 'true' or 'false' (performance warning)
     1>c:\users\wufen\onedrive\documents\visual studio 2013\projects\array\array\array.cpp(161): warning C4018: '<' : signed/unsigned mismatch
     1>c:\users\wufen\onedrive\documents\visual studio 2013\projects\array\array\array.cpp(167): warning C4018: '<' : signed/unsigned mismatch
     1>c:\users\wufen\onedrive\documents\visual studio 2013\projects\array\array\array.cpp(171): warning C4805: '&=' : unsafe mix of type 'bool' and type 'int' in operation
     1>c:\users\wufen\onedrive\documents\visual studio 2013\projects\array\array\array.cpp(171): warning C4805: '&' : unsafe mix of type 'bool' and type 'int' in operation
     1>c:\users\wufen\onedrive\documents\visual studio 2013\projects\array\array\array.cpp(171): warning C4800: 'int' : forcing value to bool 'true' or 'false' (performance warning)
     1>c:\users\wufen\onedrive\documents\visual studio 2013\projects\array\array\array.cpp(199): warning C4018: '<' : signed/unsigned mismatch
     1>c:\users\wufen\onedrive\documents\visual studio 2013\projects\array\array\array.cpp(212): warning C4018: '<' : signed/unsigned mismatch
     1>c:\users\wufen\onedrive\documents\visual studio 2013\projects\array\array\array.cpp(282): warning C4018: '<' : signed/unsigned mismatch
     1>c:\users\wufen\onedrive\documents\visual studio 2013\projects\array\array\array.cpp(291): warning C4018: '<' : signed/unsigned mismatch
     1>c:\users\wufen\onedrive\documents\visual studio 2013\projects\array\array\array.cpp(336): warning C4018: '<' : signed/unsigned mismatch
     1>c:\users\wufen\onedrive\documents\visual studio 2013\projects\array\array\array.cpp(409): warning C4018: '>=' : signed/unsigned mismatch
     1>c:\users\wufen\onedrive\documents\visual studio 2013\projects\array\array\array.cpp(412): warning C4018: '<' : signed/unsigned mismatch
     1>c:\users\wufen\onedrive\documents\visual studio 2013\projects\array\array\array.cpp(456): warning C4018: '<' : signed/unsigned mismatch
     1>c:\users\wufen\onedrive\documents\visual studio 2013\projects\array\array\array.cpp(508): warning C4018: '<' : signed/unsigned mismatch
     1>c:\users\wufen\onedrive\documents\visual studio 2013\projects\array\array\array.cpp(513): warning C4018: '<' : signed/unsigned mismatch
     1>c:\users\wufen\onedrive\documents\visual studio 2013\projects\array\array\array.cpp(546): warning C4018: '<' : signed/unsigned mismatch
     1>c:\users\wufen\onedrive\documents\visual studio 2013\projects\array\array\array.cpp(548): warning C4018: '<' : signed/unsigned mismatch
     1>c:\users\wufen\onedrive\documents\visual studio 2013\projects\array\array\array.cpp(550): warning C4018: '<' : signed/unsigned mismatch
     1>c:\users\wufen\onedrive\documents\visual studio 2013\projects\array\array\array.cpp(566): warning C4018: '<' : signed/unsigned mismatch
     1>c:\users\wufen\onedrive\documents\visual studio 2013\projects\array\array\array.cpp(577): warning C4018: '<' : signed/unsigned mismatch
     1>c:\users\wufen\onedrive\documents\visual studio 2013\projects\array\array\array.cpp(716): warning C4018: '<' : signed/unsigned mismatch
     1>c:\users\wufen\onedrive\documents\visual studio 2013\projects\array\array\array.cpp(724): warning C4018: '<' : signed/unsigned mismatch
     1>c:\users\wufen\onedrive\documents\visual studio 2013\projects\array\array\array.cpp(727): warning C4018: '<' : signed/unsigned mismatch
     1>c:\users\wufen\onedrive\documents\visual studio 2013\projects\array\array\array.cpp(829): warning C4018: '<' : signed/unsigned mismatch
     1>c:\users\wufen\onedrive\documents\visual studio 2013\projects\array\array\array.cpp(836): warning C4018: '<' : signed/unsigned mismatch
     1>c:\users\wufen\onedrive\documents\visual studio 2013\projects\array\array\array.cpp(864): warning C4018: '<' : signed/unsigned mismatch
     1>c:\users\wufen\onedrive\documents\visual studio 2013\projects\array\array\array.cpp(879): warning C4018: '<' : signed/unsigned mismatch
     1>c:\users\wufen\onedrive\documents\visual studio 2013\projects\array\array\array.cpp(894): warning C4018: '<' : signed/unsigned mismatch
     1>c:\users\wufen\onedrive\documents\visual studio 2013\projects\array\array\array.cpp(918): warning C4018: '<' : signed/unsigned mismatch
     1>c:\users\wufen\onedrive\documents\visual studio 2013\projects\array\array\array.cpp(950): warning C4018: '<' : signed/unsigned mismatch
     1>c:\users\wufen\onedrive\documents\visual studio 2013\projects\array\array\array.cpp(964): warning C4018: '<' : signed/unsigned mismatch
     1>c:\users\wufen\onedrive\documents\visual studio 2013\projects\array\array\array.cpp(974): warning C4018: '<' : signed/unsigned mismatch
     1>c:\users\wufen\onedrive\documents\visual studio 2013\projects\array\array\array.cpp(1002): warning C4018: '<' : signed/unsigned mismatch
     1>c:\users\wufen\onedrive\documents\visual studio 2013\projects\array\array\array.cpp(1006): warning C4018: '<' : signed/unsigned mismatch
     1>c:\users\wufen\onedrive\documents\visual studio 2013\projects\array\array\array.cpp(1015): warning C4018: '<' : signed/unsigned mismatch
     1>c:\users\wufen\onedrive\documents\visual studio 2013\projects\array\array\array.cpp(1017): warning C4018: '<' : signed/unsigned mismatch
     1>c:\users\wufen\onedrive\documents\visual studio 2013\projects\array\array\array.cpp(1065): warning C4018: '<' : signed/unsigned mismatch
     1>c:\users\wufen\onedrive\documents\visual studio 2013\projects\array\array\array.cpp(1108): warning C4018: '<=' : signed/unsigned mismatch
     1>c:\users\wufen\onedrive\documents\visual studio 2013\projects\array\array\array.cpp(1113): warning C4018: '<' : signed/unsigned mismatch
     1>c:\users\wufen\onedrive\documents\visual studio 2013\projects\array\array\array.cpp(1123): warning C4018: '<' : signed/unsigned mismatch
     1>c:\users\wufen\onedrive\documents\visual studio 2013\projects\array\array\array.cpp(1125): warning C4018: '<' : signed/unsigned mismatch
     1>c:\users\wufen\onedrive\documents\visual studio 2013\projects\array\array\array.cpp(1141): warning C4018: '<' : signed/unsigned mismatch
     1>c:\users\wufen\onedrive\documents\visual studio 2013\projects\array\array\array.cpp(1152): warning C4018: '<' : signed/unsigned mismatch
     1>c:\users\wufen\onedrive\documents\visual studio 2013\projects\array\array\array.cpp(1267): warning C4018: '<' : signed/unsigned mismatch
     1>c:\users\wufen\onedrive\documents\visual studio 2013\projects\array\array\array.cpp(1269): warning C4018: '<' : signed/unsigned mismatch
     1>c:\users\wufen\onedrive\documents\visual studio 2013\projects\array\array\array.cpp(1288): warning C4018: '<' : signed/unsigned mismatch
     1>c:\users\wufen\onedrive\documents\visual studio 2013\projects\array\array\array.cpp(1330): warning C4018: '<' : signed/unsigned mismatch
     1>c:\users\wufen\onedrive\documents\visual studio 2013\projects\array\array\array.cpp(1379): warning C4018: '<' : signed/unsigned mismatch
     1>c:\users\wufen\onedrive\documents\visual studio 2013\projects\array\array\array.cpp(1387): warning C4018: '<' : signed/unsigned mismatch
     1>c:\users\wufen\onedrive\documents\visual studio 2013\projects\array\array\array.cpp(1532): warning C4018: '<' : signed/unsigned mismatch
     1>c:\users\wufen\onedrive\documents\visual studio 2013\projects\array\array\array.cpp(1563): warning C4018: '<' : signed/unsigned mismatch
     1>c:\users\wufen\onedrive\documents\visual studio 2013\projects\array\array\array.cpp(1602): warning C4554: '<<' : check operator precedence for possible error; use parentheses to clarify precedence
     1>c:\users\wufen\onedrive\documents\visual studio 2013\projects\array\array\array.cpp(1617): warning C4018: '<' : signed/unsigned mismatch
     1>c:\users\wufen\onedrive\documents\visual studio 2013\projects\array\array\array.cpp(1624): warning C4018: '<' : signed/unsigned mismatch
     1>c:\users\wufen\onedrive\documents\visual studio 2013\projects\array\array\array.cpp(1696): warning C4018: '<' : signed/unsigned mismatch
     1>c:\users\wufen\onedrive\documents\visual studio 2013\projects\array\array\array.cpp(1721): warning C4018: '<' : signed/unsigned mismatch
     1>c:\users\wufen\onedrive\documents\visual studio 2013\projects\array\array\array.cpp(1777): warning C4018: '<' : signed/unsigned mismatch
     1>c:\users\wufen\onedrive\documents\visual studio 2013\projects\array\array\array.cpp(1808): warning C4018: '<' : signed/unsigned mismatch
     1>c:\users\wufen\onedrive\documents\visual studio 2013\projects\array\array\array.cpp(1817): warning C4018: '>' : signed/unsigned mismatch
     1>c:\users\wufen\onedrive\documents\visual studio 2013\projects\array\array\array.cpp(1819): warning C4018: '>' : signed/unsigned mismatch
     1>c:\users\wufen\onedrive\documents\visual studio 2013\projects\array\array\array.cpp(1834): warning C4018: '<' : signed/unsigned mismatch
     1>c:\users\wufen\onedrive\documents\visual studio 2013\projects\array\array\array.cpp(1973): warning C4018: '<' : signed/unsigned mismatch
     1>c:\users\wufen\onedrive\documents\visual studio 2013\projects\array\array\array.cpp(1975): warning C4018: '<' : signed/unsigned mismatch
     1>c:\users\wufen\onedrive\documents\visual studio 2013\projects\array\array\array.cpp(1980): warning C4018: '<' : signed/unsigned mismatch
     1>c:\users\wufen\onedrive\documents\visual studio 2013\projects\array\array\array.cpp(1989): warning C4018: '<' : signed/unsigned mismatch
     1>c:\users\wufen\onedrive\documents\visual studio 2013\projects\array\array\array.cpp(1999): warning C4018: '<' : signed/unsigned mismatch
     1>c:\users\wufen\onedrive\documents\visual studio 2013\projects\array\array\array.cpp(2001): warning C4018: '<' : signed/unsigned mismatch
     1>c:\users\wufen\onedrive\documents\visual studio 2013\projects\array\array\array.cpp(2025): warning C4018: '<' : signed/unsigned mismatch
     1>c:\users\wufen\onedrive\documents\visual studio 2013\projects\array\array\array.cpp(2053): warning C4018: '<' : signed/unsigned mismatch
     1>c:\users\wufen\onedrive\documents\visual studio 2013\projects\array\array\array.cpp(2077): warning C4018: '<' : signed/unsigned mismatch
     1>c:\users\wufen\onedrive\documents\visual studio 2013\projects\array\array\array.cpp(2079): warning C4018: '<' : signed/unsigned mismatch
     1>c:\users\wufen\onedrive\documents\visual studio 2013\projects\array\array\array.cpp(2097): warning C4018: '<' : signed/unsigned mismatch
     1>c:\users\wufen\onedrive\documents\visual studio 2013\projects\array\array\array.cpp(2140): warning C4018: '<' : signed/unsigned mismatch
     1>c:\users\wufen\onedrive\documents\visual studio 2013\projects\array\array\array.cpp(2201): warning C4018: '<' : signed/unsigned mismatch
     1>c:\users\wufen\onedrive\documents\visual studio 2013\projects\array\array\array.cpp(2216): warning C4018: '<' : signed/unsigned mismatch
     1>c:\users\wufen\onedrive\documents\visual studio 2013\projects\array\array\array.cpp(2257): warning C4018: '<' : signed/unsigned mismatch
     1>c:\users\wufen\onedrive\documents\visual studio 2013\projects\array\array\array.cpp(2267): warning C4018: '<' : signed/unsigned mismatch
     1>c:\users\wufen\onedrive\documents\visual studio 2013\projects\array\array\array.cpp(2300): warning C4018: '<=' : signed/unsigned mismatch
     1>c:\users\wufen\onedrive\documents\visual studio 2013\projects\array\array\array.cpp(2302): warning C4018: '<=' : signed/unsigned mismatch
     1>c:\users\wufen\onedrive\documents\visual studio 2013\projects\array\array\array.cpp(2323): warning C4018: '<' : signed/unsigned mismatch
     1>c:\users\wufen\onedrive\documents\visual studio 2013\projects\array\array\array.cpp(2326): warning C4018: '<' : signed/unsigned mismatch
     1>c:\users\wufen\onedrive\documents\visual studio 2013\projects\array\array\array.cpp(2329): warning C4018: '<' : signed/unsigned mismatch
     1>c:\users\wufen\onedrive\documents\visual studio 2013\projects\array\array\array.cpp(2367): warning C4018: '<' : signed/unsigned mismatch
     1>c:\users\wufen\onedrive\documents\visual studio 2013\projects\array\array\array.cpp(2377): warning C4018: '<' : signed/unsigned mismatch
     1>c:\users\wufen\onedrive\documents\visual studio 2013\projects\array\array\array.cpp(2384): warning C4018: '<' : signed/unsigned mismatch
     1>c:\users\wufen\onedrive\documents\visual studio 2013\projects\array\array\array.cpp(2533): warning C4018: '<' : signed/unsigned mismatch
     1>c:\users\wufen\onedrive\documents\visual studio 2013\projects\array\array\array.cpp(2557): warning C4018: '<' : signed/unsigned mismatch
     1>c:\users\wufen\onedrive\documents\visual studio 2013\projects\array\array\array.cpp(2593): warning C4018: '<' : signed/unsigned mismatch
     1>c:\users\wufen\onedrive\documents\visual studio 2013\projects\array\array\array.cpp(2632): warning C4018: '<' : signed/unsigned mismatch
     1>c:\users\wufen\onedrive\documents\visual studio 2013\projects\array\array\array.cpp(2659): warning C4018: '<' : signed/unsigned mismatch
     1>c:\users\wufen\onedrive\documents\visual studio 2013\projects\array\array\array.cpp(2666): warning C4018: '<' : signed/unsigned mismatch
     1>c:\users\wufen\onedrive\documents\visual studio 2013\projects\array\array\array.cpp(2679): warning C4018: '<' : signed/unsigned mismatch
     1>c:\users\wufen\onedrive\documents\visual studio 2013\projects\array\array\array.cpp(2690): warning C4018: '<' : signed/unsigned mismatch
     1>c:\users\wufen\onedrive\documents\visual studio 2013\projects\array\array\array.cpp(2740): warning C4018: '<' : signed/unsigned mismatch
     1>c:\users\wufen\onedrive\documents\visual studio 2013\projects\array\array\array.cpp(2772): warning C4018: '<' : signed/unsigned mismatch
     1>c:\users\wufen\onedrive\documents\visual studio 2013\projects\array\array\array.cpp(2782): warning C4018: '<' : signed/unsigned mismatch
     1>c:\users\wufen\onedrive\documents\visual studio 2013\projects\array\array\array.cpp(2785): warning C4018: '<' : signed/unsigned mismatch
     1>c:\users\wufen\onedrive\documents\visual studio 2013\projects\array\array\array.cpp(2788): warning C4018: '<' : signed/unsigned mismatch
     1>c:\users\wufen\onedrive\documents\visual studio 2013\projects\array\array\array.cpp(2790): warning C4018: '<' : signed/unsigned mismatch
     1>c:\users\wufen\onedrive\documents\visual studio 2013\projects\array\array\array.cpp(2808): warning C4018: '<' : signed/unsigned mismatch
     1>c:\users\wufen\onedrive\documents\visual studio 2013\projects\array\array\array.cpp(2832): warning C4018: '<' : signed/unsigned mismatch
     1>c:\users\wufen\onedrive\documents\visual studio 2013\projects\array\array\array.cpp(2834): warning C4018: '<' : signed/unsigned mismatch
     1>c:\users\wufen\onedrive\documents\visual studio 2013\projects\array\array\array.cpp(2839): warning C4018: '<=' : signed/unsigned mismatch
     1>c:\users\wufen\onedrive\documents\visual studio 2013\projects\array\array\array.cpp(2842): warning C4018: '<' : signed/unsigned mismatch
     1>c:\users\wufen\onedrive\documents\visual studio 2013\projects\array\array\array.cpp(2862): warning C4018: '<' : signed/unsigned mismatch
     1>c:\users\wufen\onedrive\documents\visual studio 2013\projects\array\array\array.cpp(2883): warning C4018: '<' : signed/unsigned mismatch
     1>c:\users\wufen\onedrive\documents\visual studio 2013\projects\array\array\array.cpp(2891): warning C4018: '<' : signed/unsigned mismatch
     1>c:\users\wufen\onedrive\documents\visual studio 2013\projects\array\array\array.cpp(2917): warning C4018: '<' : signed/unsigned mismatch
     1>c:\users\wufen\onedrive\documents\visual studio 2013\projects\array\array\array.cpp(2936): warning C4018: '<' : signed/unsigned mismatch
     1>c:\users\wufen\onedrive\documents\visual studio 2013\projects\array\array\array.cpp(2938): warning C4018: '<' : signed/unsigned mismatch
     1>c:\users\wufen\onedrive\documents\visual studio 2013\projects\array\array\array.cpp(2940): warning C4018: '<' : signed/unsigned mismatch
     1>c:\users\wufen\onedrive\documents\visual studio 2013\projects\array\array\array.cpp(2954): warning C4018: '<' : signed/unsigned mismatch
     1>c:\users\wufen\onedrive\documents\visual studio 2013\projects\array\array\array.cpp(2967): warning C4018: '<' : signed/unsigned mismatch
     1>c:\users\wufen\onedrive\documents\visual studio 2013\projects\array\array\array.cpp(2987): warning C4018: '<' : signed/unsigned mismatch
     1>c:\users\wufen\onedrive\documents\visual studio 2013\projects\array\array\array.cpp(3005): warning C4018: '>' : signed/unsigned mismatch
     1>c:\users\wufen\onedrive\documents\visual studio 2013\projects\array\array\array.cpp(3013): warning C4018: '<=' : signed/unsigned mismatch
     1>c:\users\wufen\onedrive\documents\visual studio 2013\projects\array\array\array.cpp(3025): warning C4018: '<' : signed/unsigned mismatch
     1>c:\users\wufen\onedrive\documents\visual studio 2013\projects\array\array\array.cpp(3039): warning C4018: '<' : signed/unsigned mismatch
     1>c:\users\wufen\onedrive\documents\visual studio 2013\projects\array\array\array.cpp(3043): warning C4018: '<' : signed/unsigned mismatch
     1>c:\users\wufen\onedrive\documents\visual studio 2013\projects\array\array\array.cpp(3079): warning C4018: '<' : signed/unsigned mismatch
     1>c:\users\wufen\onedrive\documents\visual studio 2013\projects\array\array\array.cpp(3142): warning C4018: '<' : signed/unsigned mismatch
     1>c:\users\wufen\onedrive\documents\visual studio 2013\projects\array\array\array.cpp(3155): warning C4018: '<' : signed/unsigned mismatch
     1>c:\users\wufen\onedrive\documents\visual studio 2013\projects\array\array\array.cpp(3209): warning C4018: '<' : signed/unsigned mismatch
     1>c:\users\wufen\onedrive\documents\visual studio 2013\projects\array\array\array.cpp(3222): warning C4018: '<' : signed/unsigned mismatch
     1>c:\users\wufen\onedrive\documents\visual studio 2013\projects\array\array\array.cpp(3240): warning C4018: '<' : signed/unsigned mismatch
     1>c:\users\wufen\onedrive\documents\visual studio 2013\projects\array\array\array.cpp(3248): warning C4018: '<' : signed/unsigned mismatch
     1>c:\users\wufen\onedrive\documents\visual studio 2013\projects\array\array\array.cpp(3257): warning C4018: '<' : signed/unsigned mismatch
     1>c:\users\wufen\onedrive\documents\visual studio 2013\projects\array\array\array.cpp(3259): warning C4018: '<' : signed/unsigned mismatch
     1>c:\users\wufen\onedrive\documents\visual studio 2013\projects\array\array\array.cpp(3280): warning C4018: '<' : signed/unsigned mismatch
     1>c:\users\wufen\onedrive\documents\visual studio 2013\projects\array\array\array.cpp(3297): warning C4018: '<' : signed/unsigned mismatch
     1>c:\users\wufen\onedrive\documents\visual studio 2013\projects\array\array\array.cpp(3299): warning C4018: '<' : signed/unsigned mismatch
     1>c:\users\wufen\onedrive\documents\visual studio 2013\projects\array\array\array.cpp(3313): warning C4018: '<' : signed/unsigned mismatch
     1>c:\users\wufen\onedrive\documents\visual studio 2013\projects\array\array\array.cpp(3329): warning C4018: '<' : signed/unsigned mismatch
     1>c:\users\wufen\onedrive\documents\visual studio 2013\projects\array\array\array.cpp(3348): warning C4018: '<' : signed/unsigned mismatch
     1>c:\users\wufen\onedrive\documents\visual studio 2013\projects\array\array\array.cpp(3356): warning C4018: '<' : signed/unsigned mismatch
     1>c:\users\wufen\onedrive\documents\visual studio 2013\projects\array\array\array.cpp(3365): warning C4018: '<' : signed/unsigned mismatch
     1>c:\users\wufen\onedrive\documents\visual studio 2013\projects\array\array\array.cpp(3374): warning C4018: '<' : signed/unsigned mismatch
     1>c:\users\wufen\onedrive\documents\visual studio 2013\projects\array\array\array.cpp(3390): warning C4018: '<' : signed/unsigned mismatch
     1>c:\users\wufen\onedrive\documents\visual studio 2013\projects\array\array\array.cpp(3436): warning C4018: '<' : signed/unsigned mismatch
     1>c:\users\wufen\onedrive\documents\visual studio 2013\projects\array\array\array.cpp(3473): warning C4018: '<' : signed/unsigned mismatch
     1>c:\users\wufen\onedrive\documents\visual studio 2013\projects\array\array\array.cpp(3502): warning C4244: 'initializing' : conversion from 'double' to 'int', possible loss of data
     1>c:\users\wufen\onedrive\documents\visual studio 2013\projects\array\array\array.cpp(3551): warning C4018: '<' : signed/unsigned mismatch
     1>c:\users\wufen\onedrive\documents\visual studio 2013\projects\array\array\array.h(31): warning C4018: '<' : signed/unsigned mismatch
                 c:\users\wufen\onedrive\documents\visual studio 2013\projects\array\array\array.cpp(288) : see reference to function template instantiation 'std::ostream &operator <<<int>(std::ostream &,std::vector<int,std::allocator<_Ty>>)' being compiled
                 with
                 [
                     _Ty=int
                 ]
     1>c:\users\wufen\onedrive\documents\visual studio 2013\projects\array\array\array.h(39): warning C4018: '<' : signed/unsigned mismatch
                 c:\users\wufen\onedrive\documents\visual studio 2013\projects\array\array\array.cpp(1023) : see reference to function template instantiation 'std::ostream &operator <<<int>(std::ostream &,std::vector<std::vector<int,std::allocator<_Ty>>,std::allocator<std::vector<_Ty,std::allocator<_Ty>>>>)' being compiled
                 with
                 [
                     _Ty=int
                 ]
       Link:
         C:\Program Files (x86)\Microsoft Visual Studio 12.0\VC\bin\link.exe /ERRORREPORT:PROMPT /OUT:"C:\Users\wufen\OneDrive\Documents\Visual Studio 2013\Projects\Array\Debug\Array.exe" /INCREMENTAL /NOLOGO kernel32.lib user32.lib gdi32.lib winspool.lib comdlg32.lib advapi32.lib shell32.lib ole32.lib oleaut32.lib uuid.lib odbc32.lib odbccp32.lib /MANIFEST /MANIFESTUAC:"level='asInvoker' uiAccess='false'" /manifest:embed /DEBUG /PDB:"C:\Users\wufen\OneDrive\Documents\Visual Studio 2013\Projects\Array\Debug\Array.pdb" /SUBSYSTEM:CONSOLE /TLBID:1 /DYNAMICBASE /NXCOMPAT /IMPLIB:"C:\Users\wufen\OneDrive\Documents\Visual Studio 2013\Projects\Array\Debug\Array.lib" /MACHINE:X86 Debug\Array.obj
         Debug\stdafx.obj
         Array.vcxproj -> C:\Users\wufen\OneDrive\Documents\Visual Studio 2013\Projects\Array\Debug\Array.exe
     1>Done Building Project "C:\Users\wufen\OneDrive\Documents\Visual Studio 2013\Projects\Array\Array\Array.vcxproj" (Build target(s)).

Build succeeded.

Time Elapsed 00:00:02.52
