Build started 2019/9/15 22:14:09.
     1>Project "C:\Users\wufen\OneDrive\Documents\Visual Studio 2013\Projects\Array\Array\Array.vcxproj" on node 2 (Build target(s)).
     1>ClCompile:
         C:\Program Files (x86)\Microsoft Visual Studio 12.0\VC\bin\CL.exe /c /ZI /nologo /W3 /WX- /sdl /Od /Oy- /D WIN32 /D _DEBUG /D _CONSOLE /D _LIB /D _UNICODE /D UNICODE /Gm /EHsc /RTC1 /MDd /GS /fp:precise /Zc:wchar_t /Zc:forScope /Yu"stdafx.h" /Fp"Debug\Array.pch" /Fo"Debug\\" /Fd"Debug\vc120.pdb" /Gd /TP /analyze- /errorReport:prompt Array.cpp
         Array.cpp
     1>c:\users\wufen\onedrive\documents\visual studio 2013\projects\array\array\array.cpp(32): warning C4018: '<' : signed/unsigned mismatch
     1>c:\users\wufen\onedrive\documents\visual studio 2013\projects\array\array\array.cpp(43): warning C4018: '<' : signed/unsigned mismatch
     1>c:\users\wufen\onedrive\documents\visual studio 2013\projects\array\array\array.cpp(70): warning C4018: '<' : signed/unsigned mismatch
     1>c:\users\wufen\onedrive\documents\visual studio 2013\projects\array\array\array.cpp(85): warning C4018: '<' : signed/unsigned mismatch
     1>c:\users\wufen\onedrive\documents\visual studio 2013\projects\array\array\array.cpp(128): warning C4018: '<' : signed/unsigned mismatch
     1>c:\users\wufen\onedrive\documents\visual studio 2013\projects\array\array\array.cpp(134): warning C4018: '<' : signed/unsigned mismatch
     1>c:\users\wufen\onedrive\documents\visual studio 2013\projects\array\array\array.cpp(138): warning C4805: '&=' : unsafe mix of type 'bool' and type 'int' in operation
     1>c:\users\wufen\onedrive\documents\visual studio 2013\projects\array\array\array.cpp(138): warning C4805: '&' : unsafe mix of type 'bool' and type 'int' in operation
     1>c:\users\wufen\onedrive\documents\visual studio 2013\projects\array\array\array.cpp(138): warning C4800: 'int' : forcing value to bool 'true' or 'false' (performance warning)
     1>c:\users\wufen\onedrive\documents\visual studio 2013\projects\array\array\array.cpp(161): warning C4018: '<' : signed/unsigned mismatch
     1>c:\users\wufen\onedrive\documents\visual studio 2013\projects\array\array\array.cpp(167): warning C4018: '<' : signed/unsigned mismatch
     1>c:\users\wufen\onedrive\documents\visual studio 2013\projects\array\array\array.cpp(171): warning C4805: '&=' : unsafe mix of type 'bool' and type 'int' in operation
     1>c:\users\wufen\onedrive\documents\visual studio 2013\projects\array\array\array.cpp(171): warning C4805: '&' : unsafe mix of type 'bool' and type 'int' in operation
     1>c:\users\wufen\onedrive\documents\visual studio 2013\projects\array\array\array.cpp(171): warning C4800: 'int' : forcing value to bool 'true' or 'false' (performance warning)
     1>c:\users\wufen\onedrive\documents\visual studio 2013\projects\array\array\array.cpp(199): warning C4018: '<' : signed/unsigned mismatch
     1>c:\users\wufen\onedrive\documents\visual studio 2013\projects\array\array\array.cpp(212): warning C4018: '<' : signed/unsigned mismatch
     1>c:\users\wufen\onedrive\documents\visual studio 2013\projects\array\array\array.cpp(282): warning C4018: '<' : signed/unsigned mismatch
     1>c:\users\wufen\onedrive\documents\visual studio 2013\projects\array\array\array.cpp(291): warning C4018: '<' : signed/unsigned mismatch
     1>c:\users\wufen\onedrive\documents\visual studio 2013\projects\array\array\array.cpp(336): warning C4018: '<' : signed/unsigned mismatch
     1>c:\users\wufen\onedrive\documents\visual studio 2013\projects\array\array\array.cpp(358): warning C4018: '<' : signed/unsigned mismatch
     1>c:\users\wufen\onedrive\documents\visual studio 2013\projects\array\array\array.cpp(375): warning C4018: '<' : signed/unsigned mismatch
     1>c:\users\wufen\onedrive\documents\visual studio 2013\projects\array\array\array.cpp(386): warning C4018: '<' : signed/unsigned mismatch
     1>c:\users\wufen\onedrive\documents\visual studio 2013\projects\array\array\array.cpp(401): warning C4018: '<' : signed/unsigned mismatch
     1>c:\users\wufen\onedrive\documents\visual studio 2013\projects\array\array\array.cpp(422): warning C4018: '>=' : signed/unsigned mismatch
     1>c:\users\wufen\onedrive\documents\visual studio 2013\projects\array\array\array.cpp(425): warning C4018: '<' : signed/unsigned mismatch
     1>c:\users\wufen\onedrive\documents\visual studio 2013\projects\array\array\array.cpp(469): warning C4018: '<' : signed/unsigned mismatch
     1>c:\users\wufen\onedrive\documents\visual studio 2013\projects\array\array\array.cpp(521): warning C4018: '<' : signed/unsigned mismatch
     1>c:\users\wufen\onedrive\documents\visual studio 2013\projects\array\array\array.cpp(526): warning C4018: '<' : signed/unsigned mismatch
     1>c:\users\wufen\onedrive\documents\visual studio 2013\projects\array\array\array.cpp(573): warning C4018: '<' : signed/unsigned mismatch
     1>c:\users\wufen\onedrive\documents\visual studio 2013\projects\array\array\array.cpp(653): warning C4018: '<' : signed/unsigned mismatch
     1>c:\users\wufen\onedrive\documents\visual studio 2013\projects\array\array\array.cpp(683): warning C4018: '<' : signed/unsigned mismatch
     1>c:\users\wufen\onedrive\documents\visual studio 2013\projects\array\array\array.cpp(685): warning C4018: '<' : signed/unsigned mismatch
     1>c:\users\wufen\onedrive\documents\visual studio 2013\projects\array\array\array.cpp(687): warning C4018: '<' : signed/unsigned mismatch
     1>c:\users\wufen\onedrive\documents\visual studio 2013\projects\array\array\array.cpp(703): warning C4018: '<' : signed/unsigned mismatch
     1>c:\users\wufen\onedrive\documents\visual studio 2013\projects\array\array\array.cpp(714): warning C4018: '<' : signed/unsigned mismatch
     1>c:\users\wufen\onedrive\documents\visual studio 2013\projects\array\array\array.cpp(853): warning C4018: '<' : signed/unsigned mismatch
     1>c:\users\wufen\onedrive\documents\visual studio 2013\projects\array\array\array.cpp(861): warning C4018: '<' : signed/unsigned mismatch
     1>c:\users\wufen\onedrive\documents\visual studio 2013\projects\array\array\array.cpp(864): warning C4018: '<' : signed/unsigned mismatch
     1>c:\users\wufen\onedrive\documents\visual studio 2013\projects\array\array\array.cpp(966): warning C4018: '<' : signed/unsigned mismatch
     1>c:\users\wufen\onedrive\documents\visual studio 2013\projects\array\array\array.cpp(973): warning C4018: '<' : signed/unsigned mismatch
     1>c:\users\wufen\onedrive\documents\visual studio 2013\projects\array\array\array.cpp(1001): warning C4018: '<' : signed/unsigned mismatch
     1>c:\users\wufen\onedrive\documents\visual studio 2013\projects\array\array\array.cpp(1016): warning C4018: '<' : signed/unsigned mismatch
     1>c:\users\wufen\onedrive\documents\visual studio 2013\projects\array\array\array.cpp(1031): warning C4018: '<' : signed/unsigned mismatch
     1>c:\users\wufen\onedrive\documents\visual studio 2013\projects\array\array\array.cpp(1055): warning C4018: '<' : signed/unsigned mismatch
     1>c:\users\wufen\onedrive\documents\visual studio 2013\projects\array\array\array.cpp(1087): warning C4018: '<' : signed/unsigned mismatch
     1>c:\users\wufen\onedrive\documents\visual studio 2013\projects\array\array\array.cpp(1101): warning C4018: '<' : signed/unsigned mismatch
     1>c:\users\wufen\onedrive\documents\visual studio 2013\projects\array\array\array.cpp(1111): warning C4018: '<' : signed/unsigned mismatch
     1>c:\users\wufen\onedrive\documents\visual studio 2013\projects\array\array\array.cpp(1139): warning C4018: '<' : signed/unsigned mismatch
     1>c:\users\wufen\onedrive\documents\visual studio 2013\projects\array\array\array.cpp(1143): warning C4018: '<' : signed/unsigned mismatch
     1>c:\users\wufen\onedrive\documents\visual studio 2013\projects\array\array\array.cpp(1152): warning C4018: '<' : signed/unsigned mismatch
     1>c:\users\wufen\onedrive\documents\visual studio 2013\projects\array\array\array.cpp(1154): warning C4018: '<' : signed/unsigned mismatch
     1>c:\users\wufen\onedrive\documents\visual studio 2013\projects\array\array\array.cpp(1202): warning C4018: '<' : signed/unsigned mismatch
     1>c:\users\wufen\onedrive\documents\visual studio 2013\projects\array\array\array.cpp(1245): warning C4018: '<=' : signed/unsigned mismatch
     1>c:\users\wufen\onedrive\documents\visual studio 2013\projects\array\array\array.cpp(1250): warning C4018: '<' : signed/unsigned mismatch
     1>c:\users\wufen\onedrive\documents\visual studio 2013\projects\array\array\array.cpp(1260): warning C4018: '<' : signed/unsigned mismatch
     1>c:\users\wufen\onedrive\documents\visual studio 2013\projects\array\array\array.cpp(1262): warning C4018: '<' : signed/unsigned mismatch
     1>c:\users\wufen\onedrive\documents\visual studio 2013\projects\array\array\array.cpp(1278): warning C4018: '<' : signed/unsigned mismatch
     1>c:\users\wufen\onedrive\documents\visual studio 2013\projects\array\array\array.cpp(1289): warning C4018: '<' : signed/unsigned mismatch
     1>c:\users\wufen\onedrive\documents\visual studio 2013\projects\array\array\array.cpp(1404): warning C4018: '<' : signed/unsigned mismatch
     1>c:\users\wufen\onedrive\documents\visual studio 2013\projects\array\array\array.cpp(1406): warning C4018: '<' : signed/unsigned mismatch
     1>c:\users\wufen\onedrive\documents\visual studio 2013\projects\array\array\array.cpp(1425): warning C4018: '<' : signed/unsigned mismatch
     1>c:\users\wufen\onedrive\documents\visual studio 2013\projects\array\array\array.cpp(1467): warning C4018: '<' : signed/unsigned mismatch
     1>c:\users\wufen\onedrive\documents\visual studio 2013\projects\array\array\array.cpp(1495): warning C4018: '<' : signed/unsigned mismatch
     1>c:\users\wufen\onedrive\documents\visual studio 2013\projects\array\array\array.cpp(1508): warning C4018: '<' : signed/unsigned mismatch
     1>c:\users\wufen\onedrive\documents\visual studio 2013\projects\array\array\array.cpp(1542): warning C4018: '<' : signed/unsigned mismatch
     1>c:\users\wufen\onedrive\documents\visual studio 2013\projects\array\array\array.cpp(1550): warning C4018: '<' : signed/unsigned mismatch
     1>c:\users\wufen\onedrive\documents\visual studio 2013\projects\array\array\array.cpp(1726): warning C4018: '<' : signed/unsigned mismatch
     1>c:\users\wufen\onedrive\documents\visual studio 2013\projects\array\array\array.cpp(1757): warning C4018: '<' : signed/unsigned mismatch
     1>c:\users\wufen\onedrive\documents\visual studio 2013\projects\array\array\array.cpp(1796): warning C4554: '<<' : check operator precedence for possible error; use parentheses to clarify precedence
     1>c:\users\wufen\onedrive\documents\visual studio 2013\projects\array\array\array.cpp(1811): warning C4018: '<' : signed/unsigned mismatch
     1>c:\users\wufen\onedrive\documents\visual studio 2013\projects\array\array\array.cpp(1818): warning C4018: '<' : signed/unsigned mismatch
     1>c:\users\wufen\onedrive\documents\visual studio 2013\projects\array\array\array.cpp(1890): warning C4018: '<' : signed/unsigned mismatch
     1>c:\users\wufen\onedrive\documents\visual studio 2013\projects\array\array\array.cpp(1946): warning C4018: '<' : signed/unsigned mismatch
     1>c:\users\wufen\onedrive\documents\visual studio 2013\projects\array\array\array.cpp(2002): warning C4018: '<' : signed/unsigned mismatch
     1>c:\users\wufen\onedrive\documents\visual studio 2013\projects\array\array\array.cpp(2033): warning C4018: '<' : signed/unsigned mismatch
     1>c:\users\wufen\onedrive\documents\visual studio 2013\projects\array\array\array.cpp(2042): warning C4018: '>' : signed/unsigned mismatch
     1>c:\users\wufen\onedrive\documents\visual studio 2013\projects\array\array\array.cpp(2044): warning C4018: '>' : signed/unsigned mismatch
     1>c:\users\wufen\onedrive\documents\visual studio 2013\projects\array\array\array.cpp(2059): warning C4018: '<' : signed/unsigned mismatch
     1>c:\users\wufen\onedrive\documents\visual studio 2013\projects\array\array\array.h(24): warning C4018: '<' : signed/unsigned mismatch
                 c:\users\wufen\onedrive\documents\visual studio 2013\projects\array\array\array.cpp(288) : see reference to function template instantiation 'std::ostream &operator <<<int>(std::ostream &,std::vector<int,std::allocator<_Ty>>)' being compiled
                 with
                 [
                     _Ty=int
                 ]
     1>c:\users\wufen\onedrive\documents\visual studio 2013\projects\array\array\array.h(32): warning C4018: '<' : signed/unsigned mismatch
                 c:\users\wufen\onedrive\documents\visual studio 2013\projects\array\array\array.cpp(1160) : see reference to function template instantiation 'std::ostream &operator <<<int>(std::ostream &,std::vector<std::vector<int,std::allocator<_Ty>>,std::allocator<std::vector<_Ty,std::allocator<_Ty>>>>)' being compiled
                 with
                 [
                     _Ty=int
                 ]
       Link:
         C:\Program Files (x86)\Microsoft Visual Studio 12.0\VC\bin\link.exe /ERRORREPORT:PROMPT /OUT:"C:\Users\wufen\OneDrive\Documents\Visual Studio 2013\Projects\Array\Debug\Array.exe" /INCREMENTAL /NOLOGO kernel32.lib user32.lib gdi32.lib winspool.lib comdlg32.lib advapi32.lib shell32.lib ole32.lib oleaut32.lib uuid.lib odbc32.lib odbccp32.lib /MANIFEST /MANIFESTUAC:"level='asInvoker' uiAccess='false'" /manifest:embed /DEBUG /PDB:"C:\Users\wufen\OneDrive\Documents\Visual Studio 2013\Projects\Array\Debug\Array.pdb" /SUBSYSTEM:CONSOLE /TLBID:1 /DYNAMICBASE /NXCOMPAT /IMPLIB:"C:\Users\wufen\OneDrive\Documents\Visual Studio 2013\Projects\Array\Debug\Array.lib" /MACHINE:X86 Debug\Array.obj
         Debug\stdafx.obj
         Array.vcxproj -> C:\Users\wufen\OneDrive\Documents\Visual Studio 2013\Projects\Array\Debug\Array.exe
     1>Done Building Project "C:\Users\wufen\OneDrive\Documents\Visual Studio 2013\Projects\Array\Array\Array.vcxproj" (Build target(s)).

Build succeeded.

Time Elapsed 00:00:01.79
