Build started 2019/3/7 0:48:36.
     1>Project "C:\Users\wufen\OneDrive\Documents\Visual Studio 2013\Projects\Array\Array\Array.vcxproj" on node 2 (Build target(s)).
     1>ClCompile:
         C:\Program Files (x86)\Microsoft Visual Studio 12.0\VC\bin\CL.exe /c /ZI /nologo /W3 /WX- /sdl /Od /Oy- /D WIN32 /D _DEBUG /D _CONSOLE /D _LIB /D _UNICODE /D UNICODE /Gm /EHsc /RTC1 /MDd /GS /fp:precise /Zc:wchar_t /Zc:forScope /Yu"stdafx.h" /Fp"Debug\Array.pch" /Fo"Debug\\" /Fd"Debug\vc120.pdb" /Gd /TP /analyze- /errorReport:prompt Array.cpp
         Array.cpp
     1>c:\users\wufen\onedrive\documents\visual studio 2013\projects\array\array\array.cpp(32): warning C4018: '<' : signed/unsigned mismatch
     1>c:\users\wufen\onedrive\documents\visual studio 2013\projects\array\array\array.cpp(43): warning C4018: '<' : signed/unsigned mismatch
     1>c:\users\wufen\onedrive\documents\visual studio 2013\projects\array\array\array.cpp(70): warning C4018: '<' : signed/unsigned mismatch
     1>c:\users\wufen\onedrive\documents\visual studio 2013\projects\array\array\array.cpp(85): warning C4018: '<' : signed/unsigned mismatch
     1>c:\users\wufen\onedrive\documents\visual studio 2013\projects\array\array\array.cpp(128): warning C4018: '<' : signed/unsigned mismatch
     1>c:\users\wufen\onedrive\documents\visual studio 2013\projects\array\array\array.cpp(134): warning C4018: '<' : signed/unsigned mismatch
     1>c:\users\wufen\onedrive\documents\visual studio 2013\projects\array\array\array.cpp(138): warning C4805: '&=' : unsafe mix of type 'bool' and type 'int' in operation
     1>c:\users\wufen\onedrive\documents\visual studio 2013\projects\array\array\array.cpp(138): warning C4805: '&' : unsafe mix of type 'bool' and type 'int' in operation
     1>c:\users\wufen\onedrive\documents\visual studio 2013\projects\array\array\array.cpp(138): warning C4800: 'int' : forcing value to bool 'true' or 'false' (performance warning)
     1>c:\users\wufen\onedrive\documents\visual studio 2013\projects\array\array\array.cpp(161): warning C4018: '<' : signed/unsigned mismatch
     1>c:\users\wufen\onedrive\documents\visual studio 2013\projects\array\array\array.cpp(167): warning C4018: '<' : signed/unsigned mismatch
     1>c:\users\wufen\onedrive\documents\visual studio 2013\projects\array\array\array.cpp(171): warning C4805: '&=' : unsafe mix of type 'bool' and type 'int' in operation
     1>c:\users\wufen\onedrive\documents\visual studio 2013\projects\array\array\array.cpp(171): warning C4805: '&' : unsafe mix of type 'bool' and type 'int' in operation
     1>c:\users\wufen\onedrive\documents\visual studio 2013\projects\array\array\array.cpp(171): warning C4800: 'int' : forcing value to bool 'true' or 'false' (performance warning)
     1>c:\users\wufen\onedrive\documents\visual studio 2013\projects\array\array\array.cpp(199): warning C4018: '<' : signed/unsigned mismatch
     1>c:\users\wufen\onedrive\documents\visual studio 2013\projects\array\array\array.cpp(212): warning C4018: '<' : signed/unsigned mismatch
     1>c:\users\wufen\onedrive\documents\visual studio 2013\projects\array\array\array.cpp(282): warning C4018: '<' : signed/unsigned mismatch
     1>c:\users\wufen\onedrive\documents\visual studio 2013\projects\array\array\array.cpp(291): warning C4018: '<' : signed/unsigned mismatch
     1>c:\users\wufen\onedrive\documents\visual studio 2013\projects\array\array\array.cpp(336): warning C4018: '<' : signed/unsigned mismatch
     1>c:\users\wufen\onedrive\documents\visual studio 2013\projects\array\array\array.cpp(358): warning C4018: '<' : signed/unsigned mismatch
     1>c:\users\wufen\onedrive\documents\visual studio 2013\projects\array\array\array.cpp(375): warning C4018: '<' : signed/unsigned mismatch
     1>c:\users\wufen\onedrive\documents\visual studio 2013\projects\array\array\array.cpp(386): warning C4018: '<' : signed/unsigned mismatch
     1>c:\users\wufen\onedrive\documents\visual studio 2013\projects\array\array\array.cpp(401): warning C4018: '<' : signed/unsigned mismatch
     1>c:\users\wufen\onedrive\documents\visual studio 2013\projects\array\array\array.cpp(422): warning C4018: '>=' : signed/unsigned mismatch
     1>c:\users\wufen\onedrive\documents\visual studio 2013\projects\array\array\array.cpp(425): warning C4018: '<' : signed/unsigned mismatch
     1>c:\users\wufen\onedrive\documents\visual studio 2013\projects\array\array\array.cpp(469): warning C4018: '<' : signed/unsigned mismatch
     1>c:\users\wufen\onedrive\documents\visual studio 2013\projects\array\array\array.cpp(521): warning C4018: '<' : signed/unsigned mismatch
     1>c:\users\wufen\onedrive\documents\visual studio 2013\projects\array\array\array.cpp(526): warning C4018: '<' : signed/unsigned mismatch
     1>c:\users\wufen\onedrive\documents\visual studio 2013\projects\array\array\array.cpp(573): warning C4018: '<' : signed/unsigned mismatch
     1>c:\users\wufen\onedrive\documents\visual studio 2013\projects\array\array\array.cpp(602): warning C4018: '<' : signed/unsigned mismatch
     1>c:\users\wufen\onedrive\documents\visual studio 2013\projects\array\array\array.h(23): warning C4018: '<' : signed/unsigned mismatch
                 c:\users\wufen\onedrive\documents\visual studio 2013\projects\array\array\array.cpp(288) : see reference to function template instantiation 'std::ostream &operator <<<int>(std::ostream &,std::vector<int,std::allocator<_Ty>>)' being compiled
                 with
                 [
                     _Ty=int
                 ]
       Link:
         C:\Program Files (x86)\Microsoft Visual Studio 12.0\VC\bin\link.exe /ERRORREPORT:PROMPT /OUT:"C:\Users\wufen\OneDrive\Documents\Visual Studio 2013\Projects\Array\Debug\Array.exe" /INCREMENTAL /NOLOGO kernel32.lib user32.lib gdi32.lib winspool.lib comdlg32.lib advapi32.lib shell32.lib ole32.lib oleaut32.lib uuid.lib odbc32.lib odbccp32.lib /MANIFEST /MANIFESTUAC:"level='asInvoker' uiAccess='false'" /manifest:embed /DEBUG /PDB:"C:\Users\wufen\OneDrive\Documents\Visual Studio 2013\Projects\Array\Debug\Array.pdb" /SUBSYSTEM:CONSOLE /TLBID:1 /DYNAMICBASE /NXCOMPAT /IMPLIB:"C:\Users\wufen\OneDrive\Documents\Visual Studio 2013\Projects\Array\Debug\Array.lib" /MACHINE:X86 Debug\Array.obj
         Debug\stdafx.obj
         Array.vcxproj -> C:\Users\wufen\OneDrive\Documents\Visual Studio 2013\Projects\Array\Debug\Array.exe
     1>Done Building Project "C:\Users\wufen\OneDrive\Documents\Visual Studio 2013\Projects\Array\Array\Array.vcxproj" (Build target(s)).

Build succeeded.

Time Elapsed 00:00:01.00
